=== JOB INFO ===
Host: mel0135
JobID: 4146743
Requested ntasks: 64
===============
=== MODULE PYTHON ===
/apps/USE/easybuild/release/2024.1/software/Python/3.12.3-GCCcore-13.3.0/bin/python
Python 3.12.3
/apps/USE/easybuild/release/2024.1/software/Python/3.12.3-GCCcore-13.3.0/bin/python
=====================
=== VENV PYTHON ===
/mnt/tier2/users/u102575/RandNLA_Project1_Sorbonne/venv/bin/python
Python 3.12.3
/mnt/tier2/users/u102575/RandNLA_Project1_Sorbonne/venv/bin/python
===================
Summary CSV: results/scaling_N20k_4146743/scaling_summary.csv
=== HEAVY SCALING (N=20000) ===
Output: results/scaling_N20k_4146743
===============================
------------------------------------------------
Running with 1 MPI tasks (grid 1x1)
Output dir: results/scaling_N20k_4146743/p1
Sweep over l=[2000] and k=[500]

--- Running l=2000 ---
l=2000, k=500: Total=57.4126s (ParKernel=37.4594s) Error=nan
Saved results and plots to results/scaling_N20k_4146743/p1/20260122_011018
Done: P=1
------------------------------------------------
Running with 4 MPI tasks (grid 2x2)
Output dir: results/scaling_N20k_4146743/p4
Sweep over l=[2000] and k=[500]

--- Running l=2000 ---
l=2000, k=500: Total=44.2690s (ParKernel=20.0872s) Error=nan
Sweep over l=[2000] and k=[500]
Sweep over l=[2000] and k=[500]
Sweep over l=[2000] and k=[500]
Saved results and plots to results/scaling_N20k_4146743/p4/20260122_011155
Done: P=4
------------------------------------------------
Running with 9 MPI tasks (grid 3x3)
Output dir: results/scaling_N20k_4146743/p9
Sweep over l=[2000] and k=[500]

--- Running l=2000 ---
l=2000, k=500: Total=34.7587s (ParKernel=10.1642s) Error=nan
Sweep over l=[2000] and k=[500]
Sweep over l=[2000] and k=[500]
Sweep over l=[2000] and k=[500]
Sweep over l=[2000] and k=[500]
Sweep over l=[2000] and k=[500]
Sweep over l=[2000] and k=[500]
Sweep over l=[2000] and k=[500]
Sweep over l=[2000] and k=[500]
Saved results and plots to results/scaling_N20k_4146743/p9/20260122_011322
Done: P=9
------------------------------------------------
Running with 16 MPI tasks (grid 4x4)
Output dir: results/scaling_N20k_4146743/p16
Sweep over l=[2000] and k=[500]

--- Running l=2000 ---
l=2000, k=500: Total=30.6633s (ParKernel=6.2407s) Error=nan
Sweep over l=[2000] and k=[500]
Sweep over l=[2000] and k=[500]
Sweep over l=[2000] and k=[500]
Sweep over l=[2000] and k=[500]
Sweep over l=[2000] and k=[500]
Sweep over l=[2000] and k=[500]
Sweep over l=[2000] and k=[500]
Sweep over l=[2000] and k=[500]
Sweep over l=[2000] and k=[500]
Sweep over l=[2000] and k=[500]
Sweep over l=[2000] and k=[500]
Sweep over l=[2000] and k=[500]
Sweep over l=[2000] and k=[500]
Sweep over l=[2000] and k=[500]
Sweep over l=[2000] and k=[500]
Saved results and plots to results/scaling_N20k_4146743/p16/20260122_011441
Done: P=16
------------------------------------------------
Running with 36 MPI tasks (grid 6x6)
Output dir: results/scaling_N20k_4146743/p36
Sweep over l=[2000] and k=[500]

--- Running l=2000 ---
l=2000, k=500: Total=27.9684s (ParKernel=3.5000s) Error=nan
Sweep over l=[2000] and k=[500]
Sweep over l=[2000] and k=[500]
Sweep over l=[2000] and k=[500]
Sweep over l=[2000] and k=[500]
Sweep over l=[2000] and k=[500]
Sweep over l=[2000] and k=[500]
Sweep over l=[2000] and k=[500]
Sweep over l=[2000] and k=[500]
Sweep over l=[2000] and k=[500]
Sweep over l=[2000] and k=[500]
Sweep over l=[2000] and k=[500]
Sweep over l=[2000] and k=[500]
Sweep over l=[2000] and k=[500]
Sweep over l=[2000] and k=[500]
Sweep over l=[2000] and k=[500]
Sweep over l=[2000] and k=[500]
Sweep over l=[2000] and k=[500]
Sweep over l=[2000] and k=[500]
Sweep over l=[2000] and k=[500]
Sweep over l=[2000] and k=[500]
Sweep over l=[2000] and k=[500]
Sweep over l=[2000] and k=[500]
Sweep over l=[2000] and k=[500]
Sweep over l=[2000] and k=[500]
Sweep over l=[2000] and k=[500]
Sweep over l=[2000] and k=[500]
Sweep over l=[2000] and k=[500]
Sweep over l=[2000] and k=[500]
Sweep over l=[2000] and k=[500]
Sweep over l=[2000] and k=[500]
Sweep over l=[2000] and k=[500]
Sweep over l=[2000] and k=[500]
Sweep over l=[2000] and k=[500]
Sweep over l=[2000] and k=[500]
Sweep over l=[2000] and k=[500]
Saved results and plots to results/scaling_N20k_4146743/p36/20260122_011602
Done: P=36
------------------------------------------------
Running with 64 MPI tasks (grid 8x8)
Output dir: results/scaling_N20k_4146743/p64
Sweep over l=[2000] and k=[500]

--- Running l=2000 ---
l=2000, k=500: Total=27.4365s (ParKernel=2.5623s) Error=nan
Sweep over l=[2000] and k=[500]
Sweep over l=[2000] and k=[500]
Sweep over l=[2000] and k=[500]
Sweep over l=[2000] and k=[500]
Sweep over l=[2000] and k=[500]
Sweep over l=[2000] and k=[500]
Sweep over l=[2000] and k=[500]
Sweep over l=[2000] and k=[500]
Sweep over l=[2000] and k=[500]
Sweep over l=[2000] and k=[500]
Sweep over l=[2000] and k=[500]
Sweep over l=[2000] and k=[500]
Sweep over l=[2000] and k=[500]
Sweep over l=[2000] and k=[500]
Sweep over l=[2000] and k=[500]
Sweep over l=[2000] and k=[500]
Sweep over l=[2000] and k=[500]
Sweep over l=[2000] and k=[500]
Sweep over l=[2000] and k=[500]
Sweep over l=[2000] and k=[500]
Sweep over l=[2000] and k=[500]
Sweep over l=[2000] and k=[500]
Sweep over l=[2000] and k=[500]
Sweep over l=[2000] and k=[500]
Sweep over l=[2000] and k=[500]
Sweep over l=[2000] and k=[500]
Sweep over l=[2000] and k=[500]
Sweep over l=[2000] and k=[500]
Sweep over l=[2000] and k=[500]
Sweep over l=[2000] and k=[500]
Sweep over l=[2000] and k=[500]
Sweep over l=[2000] and k=[500]
Sweep over l=[2000] and k=[500]
Sweep over l=[2000] and k=[500]
Sweep over l=[2000] and k=[500]
Sweep over l=[2000] and k=[500]
Sweep over l=[2000] and k=[500]
Sweep over l=[2000] and k=[500]
Sweep over l=[2000] and k=[500]
Sweep over l=[2000] and k=[500]
Sweep over l=[2000] and k=[500]
Sweep over l=[2000] and k=[500]
Sweep over l=[2000] and k=[500]
Sweep over l=[2000] and k=[500]
Sweep over l=[2000] and k=[500]
Sweep over l=[2000] and k=[500]
Sweep over l=[2000] and k=[500]
Sweep over l=[2000] and k=[500]
Sweep over l=[2000] and k=[500]
Sweep over l=[2000] and k=[500]
Sweep over l=[2000] and k=[500]
Sweep over l=[2000] and k=[500]
Sweep over l=[2000] and k=[500]
Sweep over l=[2000] and k=[500]
Sweep over l=[2000] and k=[500]
Sweep over l=[2000] and k=[500]
Sweep over l=[2000] and k=[500]
Sweep over l=[2000] and k=[500]
Sweep over l=[2000] and k=[500]
Sweep over l=[2000] and k=[500]
Sweep over l=[2000] and k=[500]
Sweep over l=[2000] and k=[500]
Sweep over l=[2000] and k=[500]
Saved results and plots to results/scaling_N20k_4146743/p64/20260122_011729
Done: P=64
=== DONE ===
CSV written to: results/scaling_N20k_4146743/scaling_summary.csv
