=== JOB INFO ===
Host: mel0039
JobID: 4146790
Requested ntasks: 64
===============
=== MODULE PYTHON ===
/apps/USE/easybuild/release/2024.1/software/Python/3.12.3-GCCcore-13.3.0/bin/python
Python 3.12.3
/apps/USE/easybuild/release/2024.1/software/Python/3.12.3-GCCcore-13.3.0/bin/python
=====================
=== VENV PYTHON ===
/mnt/tier2/users/u102575/RandNLA_Project1_Sorbonne/venv/bin/python
Python 3.12.3
/mnt/tier2/users/u102575/RandNLA_Project1_Sorbonne/venv/bin/python
===================
Summary CSV: results/scaling_N40k_4146790/scaling_summary.csv
=== HEAVY SCALING (N=40000) ===
Output: results/scaling_N40k_4146790
===============================
------------------------------------------------
Running with 1 MPI tasks (grid 1x1)
Output dir: results/scaling_N40k_4146790/p1
Sweep over l=[2000] and k=[500]

--- Running l=2000 ---
l=2000, k=500: Total=178.4580s (ParKernel=142.3339s) Error=nan
Saved results and plots to results/scaling_N40k_4146790/p1/20260122_012259
Done: P=1
------------------------------------------------
Running with 4 MPI tasks (grid 2x2)
Output dir: results/scaling_N40k_4146790/p4
Sweep over l=[2000] and k=[500]

--- Running l=2000 ---
l=2000, k=500: Total=115.3856s (ParKernel=71.6873s) Error=nan
Sweep over l=[2000] and k=[500]
Sweep over l=[2000] and k=[500]
Sweep over l=[2000] and k=[500]
Saved results and plots to results/scaling_N40k_4146790/p4/20260122_012726
Done: P=4
------------------------------------------------
Running with 9 MPI tasks (grid 3x3)
Output dir: results/scaling_N40k_4146790/p9
Sweep over l=[2000] and k=[500]

--- Running l=2000 ---
l=2000, k=500: Total=78.1527s (ParKernel=33.7846s) Error=nan
Sweep over l=[2000] and k=[500]
Sweep over l=[2000] and k=[500]
Sweep over l=[2000] and k=[500]
Sweep over l=[2000] and k=[500]
Sweep over l=[2000] and k=[500]
Sweep over l=[2000] and k=[500]
Sweep over l=[2000] and k=[500]
Sweep over l=[2000] and k=[500]
Saved results and plots to results/scaling_N40k_4146790/p9/20260122_013118
Done: P=9
------------------------------------------------
Running with 16 MPI tasks (grid 4x4)
Output dir: results/scaling_N40k_4146790/p16
Sweep over l=[2000] and k=[500]

--- Running l=2000 ---
l=2000, k=500: Total=63.8912s (ParKernel=20.2905s) Error=nan
Sweep over l=[2000] and k=[500]
Sweep over l=[2000] and k=[500]
Sweep over l=[2000] and k=[500]
Sweep over l=[2000] and k=[500]
Sweep over l=[2000] and k=[500]
Sweep over l=[2000] and k=[500]
Sweep over l=[2000] and k=[500]
Sweep over l=[2000] and k=[500]
Sweep over l=[2000] and k=[500]
Sweep over l=[2000] and k=[500]
Sweep over l=[2000] and k=[500]
Sweep over l=[2000] and k=[500]
Sweep over l=[2000] and k=[500]
Sweep over l=[2000] and k=[500]
Sweep over l=[2000] and k=[500]
Saved results and plots to results/scaling_N40k_4146790/p16/20260122_013454
Done: P=16
------------------------------------------------
Running with 36 MPI tasks (grid 6x6)
Output dir: results/scaling_N40k_4146790/p36
Sweep over l=[2000] and k=[500]

--- Running l=2000 ---
l=2000, k=500: Total=54.3572s (ParKernel=10.5724s) Error=nan
Sweep over l=[2000] and k=[500]
Sweep over l=[2000] and k=[500]
Sweep over l=[2000] and k=[500]
Sweep over l=[2000] and k=[500]
Sweep over l=[2000] and k=[500]
Sweep over l=[2000] and k=[500]
Sweep over l=[2000] and k=[500]
Sweep over l=[2000] and k=[500]
Sweep over l=[2000] and k=[500]
Sweep over l=[2000] and k=[500]
Sweep over l=[2000] and k=[500]
Sweep over l=[2000] and k=[500]
Sweep over l=[2000] and k=[500]
Sweep over l=[2000] and k=[500]
Sweep over l=[2000] and k=[500]
Sweep over l=[2000] and k=[500]
Sweep over l=[2000] and k=[500]
Sweep over l=[2000] and k=[500]
Sweep over l=[2000] and k=[500]
Sweep over l=[2000] and k=[500]
Sweep over l=[2000] and k=[500]
Sweep over l=[2000] and k=[500]
Sweep over l=[2000] and k=[500]
Sweep over l=[2000] and k=[500]
Sweep over l=[2000] and k=[500]
Sweep over l=[2000] and k=[500]
Sweep over l=[2000] and k=[500]
Sweep over l=[2000] and k=[500]
Sweep over l=[2000] and k=[500]
Sweep over l=[2000] and k=[500]
Sweep over l=[2000] and k=[500]
Sweep over l=[2000] and k=[500]
Sweep over l=[2000] and k=[500]
Sweep over l=[2000] and k=[500]
Sweep over l=[2000] and k=[500]
Saved results and plots to results/scaling_N40k_4146790/p36/20260122_013818
Done: P=36
------------------------------------------------
Running with 64 MPI tasks (grid 8x8)
Output dir: results/scaling_N40k_4146790/p64
Sweep over l=[2000] and k=[500]

--- Running l=2000 ---
l=2000, k=500: Total=51.7475s (ParKernel=7.3929s) Error=nan
Sweep over l=[2000] and k=[500]
Sweep over l=[2000] and k=[500]
Sweep over l=[2000] and k=[500]
Sweep over l=[2000] and k=[500]
Sweep over l=[2000] and k=[500]
Sweep over l=[2000] and k=[500]
Sweep over l=[2000] and k=[500]
Sweep over l=[2000] and k=[500]
Sweep over l=[2000] and k=[500]
Sweep over l=[2000] and k=[500]
Sweep over l=[2000] and k=[500]
Sweep over l=[2000] and k=[500]
Sweep over l=[2000] and k=[500]
Sweep over l=[2000] and k=[500]
Sweep over l=[2000] and k=[500]
Sweep over l=[2000] and k=[500]
Sweep over l=[2000] and k=[500]
Sweep over l=[2000] and k=[500]
Sweep over l=[2000] and k=[500]
Sweep over l=[2000] and k=[500]
Sweep over l=[2000] and k=[500]
Sweep over l=[2000] and k=[500]
Sweep over l=[2000] and k=[500]
Sweep over l=[2000] and k=[500]
Sweep over l=[2000] and k=[500]
Sweep over l=[2000] and k=[500]
Sweep over l=[2000] and k=[500]
Sweep over l=[2000] and k=[500]
Sweep over l=[2000] and k=[500]
Sweep over l=[2000] and k=[500]
Sweep over l=[2000] and k=[500]
Sweep over l=[2000] and k=[500]
Sweep over l=[2000] and k=[500]
Sweep over l=[2000] and k=[500]
Sweep over l=[2000] and k=[500]
Sweep over l=[2000] and k=[500]
Sweep over l=[2000] and k=[500]
Sweep over l=[2000] and k=[500]
Sweep over l=[2000] and k=[500]
Sweep over l=[2000] and k=[500]
Sweep over l=[2000] and k=[500]
Sweep over l=[2000] and k=[500]
Sweep over l=[2000] and k=[500]
Sweep over l=[2000] and k=[500]
Sweep over l=[2000] and k=[500]
Sweep over l=[2000] and k=[500]
Sweep over l=[2000] and k=[500]
Sweep over l=[2000] and k=[500]
Sweep over l=[2000] and k=[500]
Sweep over l=[2000] and k=[500]
Sweep over l=[2000] and k=[500]
Sweep over l=[2000] and k=[500]
Sweep over l=[2000] and k=[500]
Sweep over l=[2000] and k=[500]
Sweep over l=[2000] and k=[500]
Sweep over l=[2000] and k=[500]
Sweep over l=[2000] and k=[500]
Sweep over l=[2000] and k=[500]
Sweep over l=[2000] and k=[500]
Sweep over l=[2000] and k=[500]
Sweep over l=[2000] and k=[500]
Sweep over l=[2000] and k=[500]
Sweep over l=[2000] and k=[500]
Saved results and plots to results/scaling_N40k_4146790/p64/20260122_014141
Done: P=64
=== DONE ===
CSV written to: results/scaling_N40k_4146790/scaling_summary.csv
