Lmod has detected the following error: The following module(s) are unknown:
"env/release/2024.1"

Please check the spelling or version number. Also try "module spider ..."
It is also possible your cache file is out-of-date; it may help to try:
  $ module --ignore_cache load "env/release/2024.1"

Also make sure that all modulefiles written in TCL start with the string
#%Module



Lmod has detected the following error: The following module(s) are unknown:
"Python/3.12.3-GCCcore-13.3.0"

Please check the spelling or version number. Also try "module spider ..."
It is also possible your cache file is out-of-date; it may help to try:
  $ module --ignore_cache load "Python/3.12.3-GCCcore-13.3.0"

Also make sure that all modulefiles written in TCL start with the string
#%Module



Lmod has detected the following error: The following module(s) are unknown:
"SciPy-bundle/2024.05-gfbf-2024a"

Please check the spelling or version number. Also try "module spider ..."
It is also possible your cache file is out-of-date; it may help to try:
  $ module --ignore_cache load "SciPy-bundle/2024.05-gfbf-2024a"

Also make sure that all modulefiles written in TCL start with the string
#%Module



Lmod has detected the following error: The following module(s) are unknown:
"OpenMPI/5.0.3-GCC-13.3.0"

Please check the spelling or version number. Also try "module spider ..."
It is also possible your cache file is out-of-date; it may help to try:
  $ module --ignore_cache load "OpenMPI/5.0.3-GCC-13.3.0"

Also make sure that all modulefiles written in TCL start with the string
#%Module



=== STARTING HEAVY SCALING BENCHMARK (N=40000) ===
Node: mel0399
Max Tasks available: 64
------------------------------------------------
python: error while loading shared libraries: libpython3.12.so.1.0: cannot open shared object file: No such file or directory
python: error while loading shared libraries: libpython3.12.so.1.0: cannot open shared object file: No such file or directory
-> Running on 1 cores (Grid: x)...
/mnt/tier2/users/u102575/RandNLA_Project1_Sorbonne/venv/bin/python: error while loading shared libraries: libpython3.12.so.1.0: cannot open shared object file: No such file or directory
srun: error: mel0399: task 0: Exited with exit code 127
-> Done for P=1
------------------------------------------------
python: error while loading shared libraries: libpython3.12.so.1.0: cannot open shared object file: No such file or directory
python: error while loading shared libraries: libpython3.12.so.1.0: cannot open shared object file: No such file or directory
-> Running on 4 cores (Grid: x)...
/mnt/tier2/users/u102575/RandNLA_Project1_Sorbonne/venv/bin/python: error while loading shared libraries: libpython3.12.so.1.0: cannot open shared object file: No such file or directory
/mnt/tier2/users/u102575/RandNLA_Project1_Sorbonne/venv/bin/python: error while loading shared libraries: libpython3.12.so.1.0: cannot open shared object file: No such file or directory
/mnt/tier2/users/u102575/RandNLA_Project1_Sorbonne/venv/bin/python: error while loading shared libraries: libpython3.12.so.1.0: cannot open shared object file: No such file or directory
/mnt/tier2/users/u102575/RandNLA_Project1_Sorbonne/venv/bin/python: error while loading shared libraries: libpython3.12.so.1.0: cannot open shared object file: No such file or directory
srun: error: mel0399: tasks 0-3: Exited with exit code 127
-> Done for P=4
------------------------------------------------
python: error while loading shared libraries: libpython3.12.so.1.0: cannot open shared object file: No such file or directory
python: error while loading shared libraries: libpython3.12.so.1.0: cannot open shared object file: No such file or directory
-> Running on 9 cores (Grid: x)...
/mnt/tier2/users/u102575/RandNLA_Project1_Sorbonne/venv/bin/python: error while loading shared libraries: libpython3.12.so.1.0: cannot open shared object file: No such file or directory
/mnt/tier2/users/u102575/RandNLA_Project1_Sorbonne/venv/bin/python: error while loading shared libraries: libpython3.12.so.1.0: cannot open shared object file: No such file or directory
/mnt/tier2/users/u102575/RandNLA_Project1_Sorbonne/venv/bin/python: error while loading shared libraries: libpython3.12.so.1.0: cannot open shared object file: No such file or directory
/mnt/tier2/users/u102575/RandNLA_Project1_Sorbonne/venv/bin/python: error while loading shared libraries: libpython3.12.so.1.0: cannot open shared object file: No such file or directory
/mnt/tier2/users/u102575/RandNLA_Project1_Sorbonne/venv/bin/python: error while loading shared libraries: libpython3.12.so.1.0: cannot open shared object file: No such file or directory
/mnt/tier2/users/u102575/RandNLA_Project1_Sorbonne/venv/bin/python: error while loading shared libraries: libpython3.12.so.1.0: cannot open shared object file: No such file or directory
/mnt/tier2/users/u102575/RandNLA_Project1_Sorbonne/venv/bin/python: error while loading shared libraries: libpython3.12.so.1.0: cannot open shared object file: No such file or directory
/mnt/tier2/users/u102575/RandNLA_Project1_Sorbonne/venv/bin/python: error while loading shared libraries: libpython3.12.so.1.0: cannot open shared object file: No such file or directory
/mnt/tier2/users/u102575/RandNLA_Project1_Sorbonne/venv/bin/python: error while loading shared libraries: libpython3.12.so.1.0: cannot open shared object file: No such file or directory
srun: error: mel0399: tasks 0-8: Exited with exit code 127
-> Done for P=9
------------------------------------------------
python: error while loading shared libraries: libpython3.12.so.1.0: cannot open shared object file: No such file or directory
python: error while loading shared libraries: libpython3.12.so.1.0: cannot open shared object file: No such file or directory
-> Running on 16 cores (Grid: x)...
/mnt/tier2/users/u102575/RandNLA_Project1_Sorbonne/venv/bin/python: error while loading shared libraries: libpython3.12.so.1.0: cannot open shared object file: No such file or directory
/mnt/tier2/users/u102575/RandNLA_Project1_Sorbonne/venv/bin/python: error while loading shared libraries: libpython3.12.so.1.0: cannot open shared object file: No such file or directory
/mnt/tier2/users/u102575/RandNLA_Project1_Sorbonne/venv/bin/python: error while loading shared libraries: libpython3.12.so.1.0: cannot open shared object file: No such file or directory
/mnt/tier2/users/u102575/RandNLA_Project1_Sorbonne/venv/bin/python: error while loading shared libraries: libpython3.12.so.1.0: cannot open shared object file: No such file or directory
/mnt/tier2/users/u102575/RandNLA_Project1_Sorbonne/venv/bin/python: error while loading shared libraries: libpython3.12.so.1.0: cannot open shared object file: No such file or directory
/mnt/tier2/users/u102575/RandNLA_Project1_Sorbonne/venv/bin/python: error while loading shared libraries: libpython3.12.so.1.0: cannot open shared object file: No such file or directory
/mnt/tier2/users/u102575/RandNLA_Project1_Sorbonne/venv/bin/python: error while loading shared libraries: libpython3.12.so.1.0: cannot open shared object file: No such file or directory
/mnt/tier2/users/u102575/RandNLA_Project1_Sorbonne/venv/bin/python: error while loading shared libraries: libpython3.12.so.1.0: cannot open shared object file: No such file or directory
/mnt/tier2/users/u102575/RandNLA_Project1_Sorbonne/venv/bin/python: error while loading shared libraries: libpython3.12.so.1.0: cannot open shared object file: No such file or directory
/mnt/tier2/users/u102575/RandNLA_Project1_Sorbonne/venv/bin/python: error while loading shared libraries: libpython3.12.so.1.0: cannot open shared object file: No such file or directory
/mnt/tier2/users/u102575/RandNLA_Project1_Sorbonne/venv/bin/python: error while loading shared libraries: libpython3.12.so.1.0: cannot open shared object file: No such file or directory
/mnt/tier2/users/u102575/RandNLA_Project1_Sorbonne/venv/bin/python: error while loading shared libraries: libpython3.12.so.1.0: cannot open shared object file: No such file or directory
/mnt/tier2/users/u102575/RandNLA_Project1_Sorbonne/venv/bin/python: error while loading shared libraries: libpython3.12.so.1.0: cannot open shared object file: No such file or directory
/mnt/tier2/users/u102575/RandNLA_Project1_Sorbonne/venv/bin/python: error while loading shared libraries: libpython3.12.so.1.0: cannot open shared object file: No such file or directory
/mnt/tier2/users/u102575/RandNLA_Project1_Sorbonne/venv/bin/python: error while loading shared libraries: libpython3.12.so.1.0: cannot open shared object file: No such file or directory
/mnt/tier2/users/u102575/RandNLA_Project1_Sorbonne/venv/bin/python: error while loading shared libraries: libpython3.12.so.1.0: cannot open shared object file: No such file or directory
srun: error: mel0399: tasks 0-15: Exited with exit code 127
-> Done for P=16
------------------------------------------------
python: error while loading shared libraries: libpython3.12.so.1.0: cannot open shared object file: No such file or directory
python: error while loading shared libraries: libpython3.12.so.1.0: cannot open shared object file: No such file or directory
-> Running on 36 cores (Grid: x)...
/mnt/tier2/users/u102575/RandNLA_Project1_Sorbonne/venv/bin/python: error while loading shared libraries: libpython3.12.so.1.0: cannot open shared object file: No such file or directory
/mnt/tier2/users/u102575/RandNLA_Project1_Sorbonne/venv/bin/python: error while loading shared libraries: libpython3.12.so.1.0: cannot open shared object file: No such file or directory
/mnt/tier2/users/u102575/RandNLA_Project1_Sorbonne/venv/bin/python: error while loading shared libraries: libpython3.12.so.1.0: cannot open shared object file: No such file or directory
/mnt/tier2/users/u102575/RandNLA_Project1_Sorbonne/venv/bin/python: error while loading shared libraries: libpython3.12.so.1.0: cannot open shared object file: No such file or directory
/mnt/tier2/users/u102575/RandNLA_Project1_Sorbonne/venv/bin/python: error while loading shared libraries: libpython3.12.so.1.0: cannot open shared object file: No such file or directory
/mnt/tier2/users/u102575/RandNLA_Project1_Sorbonne/venv/bin/python: error while loading shared libraries: libpython3.12.so.1.0: cannot open shared object file: No such file or directory
/mnt/tier2/users/u102575/RandNLA_Project1_Sorbonne/venv/bin/python: error while loading shared libraries: libpython3.12.so.1.0: cannot open shared object file: No such file or directory
/mnt/tier2/users/u102575/RandNLA_Project1_Sorbonne/venv/bin/python: error while loading shared libraries: libpython3.12.so.1.0: cannot open shared object file: No such file or directory
/mnt/tier2/users/u102575/RandNLA_Project1_Sorbonne/venv/bin/python: error while loading shared libraries: libpython3.12.so.1.0: cannot open shared object file: No such file or directory
/mnt/tier2/users/u102575/RandNLA_Project1_Sorbonne/venv/bin/python: error while loading shared libraries: libpython3.12.so.1.0: cannot open shared object file: No such file or directory
/mnt/tier2/users/u102575/RandNLA_Project1_Sorbonne/venv/bin/python: error while loading shared libraries: libpython3.12.so.1.0: cannot open shared object file: No such file or directory
/mnt/tier2/users/u102575/RandNLA_Project1_Sorbonne/venv/bin/python: error while loading shared libraries: libpython3.12.so.1.0: cannot open shared object file: No such file or directory
/mnt/tier2/users/u102575/RandNLA_Project1_Sorbonne/venv/bin/python: error while loading shared libraries: libpython3.12.so.1.0: cannot open shared object file: No such file or directory
/mnt/tier2/users/u102575/RandNLA_Project1_Sorbonne/venv/bin/python: error while loading shared libraries: libpython3.12.so.1.0: cannot open shared object file: No such file or directory
/mnt/tier2/users/u102575/RandNLA_Project1_Sorbonne/venv/bin/python: error while loading shared libraries: libpython3.12.so.1.0: cannot open shared object file: No such file or directory
/mnt/tier2/users/u102575/RandNLA_Project1_Sorbonne/venv/bin/python: error while loading shared libraries: libpython3.12.so.1.0: cannot open shared object file: No such file or directory
/mnt/tier2/users/u102575/RandNLA_Project1_Sorbonne/venv/bin/python: error while loading shared libraries: libpython3.12.so.1.0: cannot open shared object file: No such file or directory
/mnt/tier2/users/u102575/RandNLA_Project1_Sorbonne/venv/bin/python: error while loading shared libraries: libpython3.12.so.1.0: cannot open shared object file: No such file or directory
/mnt/tier2/users/u102575/RandNLA_Project1_Sorbonne/venv/bin/python: error while loading shared libraries: libpython3.12.so.1.0: cannot open shared object file: No such file or directory
/mnt/tier2/users/u102575/RandNLA_Project1_Sorbonne/venv/bin/python: error while loading shared libraries: libpython3.12.so.1.0: cannot open shared object file: No such file or directory
/mnt/tier2/users/u102575/RandNLA_Project1_Sorbonne/venv/bin/python: error while loading shared libraries: libpython3.12.so.1.0: cannot open shared object file: No such file or directory
/mnt/tier2/users/u102575/RandNLA_Project1_Sorbonne/venv/bin/python: error while loading shared libraries: libpython3.12.so.1.0: cannot open shared object file: No such file or directory
/mnt/tier2/users/u102575/RandNLA_Project1_Sorbonne/venv/bin/python: error while loading shared libraries: libpython3.12.so.1.0: cannot open shared object file: No such file or directory
/mnt/tier2/users/u102575/RandNLA_Project1_Sorbonne/venv/bin/python: error while loading shared libraries: libpython3.12.so.1.0: cannot open shared object file: No such file or directory
/mnt/tier2/users/u102575/RandNLA_Project1_Sorbonne/venv/bin/python: error while loading shared libraries: libpython3.12.so.1.0: cannot open shared object file: No such file or directory
/mnt/tier2/users/u102575/RandNLA_Project1_Sorbonne/venv/bin/python: error while loading shared libraries: libpython3.12.so.1.0: cannot open shared object file: No such file or directory
/mnt/tier2/users/u102575/RandNLA_Project1_Sorbonne/venv/bin/python: error while loading shared libraries: libpython3.12.so.1.0: cannot open shared object file: No such file or directory
/mnt/tier2/users/u102575/RandNLA_Project1_Sorbonne/venv/bin/python: error while loading shared libraries: libpython3.12.so.1.0: cannot open shared object file: No such file or directory
/mnt/tier2/users/u102575/RandNLA_Project1_Sorbonne/venv/bin/python: error while loading shared libraries: libpython3.12.so.1.0: cannot open shared object file: No such file or directory
/mnt/tier2/users/u102575/RandNLA_Project1_Sorbonne/venv/bin/python: error while loading shared libraries: libpython3.12.so.1.0: cannot open shared object file: No such file or directory
/mnt/tier2/users/u102575/RandNLA_Project1_Sorbonne/venv/bin/python: error while loading shared libraries: libpython3.12.so.1.0: cannot open shared object file: No such file or directory
/mnt/tier2/users/u102575/RandNLA_Project1_Sorbonne/venv/bin/python: error while loading shared libraries: libpython3.12.so.1.0: cannot open shared object file: No such file or directory
/mnt/tier2/users/u102575/RandNLA_Project1_Sorbonne/venv/bin/python: error while loading shared libraries: libpython3.12.so.1.0: cannot open shared object file: No such file or directory
/mnt/tier2/users/u102575/RandNLA_Project1_Sorbonne/venv/bin/python: error while loading shared libraries: libpython3.12.so.1.0: cannot open shared object file: No such file or directory
/mnt/tier2/users/u102575/RandNLA_Project1_Sorbonne/venv/bin/python: error while loading shared libraries: libpython3.12.so.1.0: cannot open shared object file: No such file or directory
/mnt/tier2/users/u102575/RandNLA_Project1_Sorbonne/venv/bin/python: error while loading shared libraries: libpython3.12.so.1.0: cannot open shared object file: No such file or directory
srun: error: mel0399: tasks 0-35: Exited with exit code 127
-> Done for P=36
------------------------------------------------
python: error while loading shared libraries: libpython3.12.so.1.0: cannot open shared object file: No such file or directory
python: error while loading shared libraries: libpython3.12.so.1.0: cannot open shared object file: No such file or directory
-> Running on 64 cores (Grid: x)...
/mnt/tier2/users/u102575/RandNLA_Project1_Sorbonne/venv/bin/python: error while loading shared libraries: libpython3.12.so.1.0: cannot open shared object file: No such file or directory
/mnt/tier2/users/u102575/RandNLA_Project1_Sorbonne/venv/bin/python: error while loading shared libraries: libpython3.12.so.1.0: cannot open shared object file: No such file or directory
/mnt/tier2/users/u102575/RandNLA_Project1_Sorbonne/venv/bin/python: error while loading shared libraries: libpython3.12.so.1.0: cannot open shared object file: No such file or directory
/mnt/tier2/users/u102575/RandNLA_Project1_Sorbonne/venv/bin/python: error while loading shared libraries: libpython3.12.so.1.0: cannot open shared object file: No such file or directory
/mnt/tier2/users/u102575/RandNLA_Project1_Sorbonne/venv/bin/python: error while loading shared libraries: libpython3.12.so.1.0: cannot open shared object file: No such file or directory
/mnt/tier2/users/u102575/RandNLA_Project1_Sorbonne/venv/bin/python: error while loading shared libraries: libpython3.12.so.1.0: cannot open shared object file: No such file or directory
/mnt/tier2/users/u102575/RandNLA_Project1_Sorbonne/venv/bin/python: error while loading shared libraries: libpython3.12.so.1.0: cannot open shared object file: No such file or directory
/mnt/tier2/users/u102575/RandNLA_Project1_Sorbonne/venv/bin/python: error while loading shared libraries: libpython3.12.so.1.0: cannot open shared object file: No such file or directory
/mnt/tier2/users/u102575/RandNLA_Project1_Sorbonne/venv/bin/python: error while loading shared libraries: libpython3.12.so.1.0: cannot open shared object file: No such file or directory
/mnt/tier2/users/u102575/RandNLA_Project1_Sorbonne/venv/bin/python: error while loading shared libraries: libpython3.12.so.1.0: cannot open shared object file: No such file or directory
/mnt/tier2/users/u102575/RandNLA_Project1_Sorbonne/venv/bin/python: error while loading shared libraries: libpython3.12.so.1.0: cannot open shared object file: No such file or directory
/mnt/tier2/users/u102575/RandNLA_Project1_Sorbonne/venv/bin/python: error while loading shared libraries: libpython3.12.so.1.0: cannot open shared object file: No such file or directory
/mnt/tier2/users/u102575/RandNLA_Project1_Sorbonne/venv/bin/python: error while loading shared libraries: libpython3.12.so.1.0: cannot open shared object file: No such file or directory
/mnt/tier2/users/u102575/RandNLA_Project1_Sorbonne/venv/bin/python: error while loading shared libraries: libpython3.12.so.1.0: cannot open shared object file: No such file or directory
/mnt/tier2/users/u102575/RandNLA_Project1_Sorbonne/venv/bin/python: error while loading shared libraries: libpython3.12.so.1.0: cannot open shared object file: No such file or directory
/mnt/tier2/users/u102575/RandNLA_Project1_Sorbonne/venv/bin/python: error while loading shared libraries: libpython3.12.so.1.0: cannot open shared object file: No such file or directory
/mnt/tier2/users/u102575/RandNLA_Project1_Sorbonne/venv/bin/python: error while loading shared libraries: libpython3.12.so.1.0: cannot open shared object file: No such file or directory
/mnt/tier2/users/u102575/RandNLA_Project1_Sorbonne/venv/bin/python: error while loading shared libraries: libpython3.12.so.1.0: cannot open shared object file: No such file or directory
/mnt/tier2/users/u102575/RandNLA_Project1_Sorbonne/venv/bin/python: error while loading shared libraries: libpython3.12.so.1.0: cannot open shared object file: No such file or directory
/mnt/tier2/users/u102575/RandNLA_Project1_Sorbonne/venv/bin/python: error while loading shared libraries: libpython3.12.so.1.0: cannot open shared object file: No such file or directory
/mnt/tier2/users/u102575/RandNLA_Project1_Sorbonne/venv/bin/python: error while loading shared libraries: libpython3.12.so.1.0: cannot open shared object file: No such file or directory
/mnt/tier2/users/u102575/RandNLA_Project1_Sorbonne/venv/bin/python: error while loading shared libraries: libpython3.12.so.1.0: cannot open shared object file: No such file or directory
/mnt/tier2/users/u102575/RandNLA_Project1_Sorbonne/venv/bin/python: error while loading shared libraries: libpython3.12.so.1.0: cannot open shared object file: No such file or directory
/mnt/tier2/users/u102575/RandNLA_Project1_Sorbonne/venv/bin/python: error while loading shared libraries: libpython3.12.so.1.0: cannot open shared object file: No such file or directory
/mnt/tier2/users/u102575/RandNLA_Project1_Sorbonne/venv/bin/python: error while loading shared libraries: libpython3.12.so.1.0: cannot open shared object file: No such file or directory
/mnt/tier2/users/u102575/RandNLA_Project1_Sorbonne/venv/bin/python: error while loading shared libraries: libpython3.12.so.1.0: cannot open shared object file: No such file or directory
/mnt/tier2/users/u102575/RandNLA_Project1_Sorbonne/venv/bin/python: error while loading shared libraries: libpython3.12.so.1.0: cannot open shared object file: No such file or directory
/mnt/tier2/users/u102575/RandNLA_Project1_Sorbonne/venv/bin/python: error while loading shared libraries: libpython3.12.so.1.0: cannot open shared object file: No such file or directory
/mnt/tier2/users/u102575/RandNLA_Project1_Sorbonne/venv/bin/python: error while loading shared libraries: libpython3.12.so.1.0: cannot open shared object file: No such file or directory
/mnt/tier2/users/u102575/RandNLA_Project1_Sorbonne/venv/bin/python: error while loading shared libraries: libpython3.12.so.1.0: cannot open shared object file: No such file or directory
/mnt/tier2/users/u102575/RandNLA_Project1_Sorbonne/venv/bin/python: error while loading shared libraries: libpython3.12.so.1.0: cannot open shared object file: No such file or directory
/mnt/tier2/users/u102575/RandNLA_Project1_Sorbonne/venv/bin/python: error while loading shared libraries: libpython3.12.so.1.0: cannot open shared object file: No such file or directory
/mnt/tier2/users/u102575/RandNLA_Project1_Sorbonne/venv/bin/python: error while loading shared libraries: libpython3.12.so.1.0: cannot open shared object file: No such file or directory
/mnt/tier2/users/u102575/RandNLA_Project1_Sorbonne/venv/bin/python: error while loading shared libraries: libpython3.12.so.1.0: cannot open shared object file: No such file or directory
/mnt/tier2/users/u102575/RandNLA_Project1_Sorbonne/venv/bin/python: error while loading shared libraries: libpython3.12.so.1.0: cannot open shared object file: No such file or directory
/mnt/tier2/users/u102575/RandNLA_Project1_Sorbonne/venv/bin/python: error while loading shared libraries: libpython3.12.so.1.0: cannot open shared object file: No such file or directory
/mnt/tier2/users/u102575/RandNLA_Project1_Sorbonne/venv/bin/python: error while loading shared libraries: libpython3.12.so.1.0: cannot open shared object file: No such file or directory
/mnt/tier2/users/u102575/RandNLA_Project1_Sorbonne/venv/bin/python: error while loading shared libraries: libpython3.12.so.1.0: cannot open shared object file: No such file or directory
/mnt/tier2/users/u102575/RandNLA_Project1_Sorbonne/venv/bin/python: error while loading shared libraries: libpython3.12.so.1.0: cannot open shared object file: No such file or directory
/mnt/tier2/users/u102575/RandNLA_Project1_Sorbonne/venv/bin/python: error while loading shared libraries: libpython3.12.so.1.0: cannot open shared object file: No such file or directory
/mnt/tier2/users/u102575/RandNLA_Project1_Sorbonne/venv/bin/python: error while loading shared libraries: libpython3.12.so.1.0: cannot open shared object file: No such file or directory
/mnt/tier2/users/u102575/RandNLA_Project1_Sorbonne/venv/bin/python: error while loading shared libraries: libpython3.12.so.1.0: cannot open shared object file: No such file or directory
/mnt/tier2/users/u102575/RandNLA_Project1_Sorbonne/venv/bin/python: error while loading shared libraries: libpython3.12.so.1.0: cannot open shared object file: No such file or directory
/mnt/tier2/users/u102575/RandNLA_Project1_Sorbonne/venv/bin/python: error while loading shared libraries: libpython3.12.so.1.0: cannot open shared object file: No such file or directory
/mnt/tier2/users/u102575/RandNLA_Project1_Sorbonne/venv/bin/python: error while loading shared libraries: libpython3.12.so.1.0: cannot open shared object file: No such file or directory
/mnt/tier2/users/u102575/RandNLA_Project1_Sorbonne/venv/bin/python: error while loading shared libraries: libpython3.12.so.1.0: cannot open shared object file: No such file or directory
/mnt/tier2/users/u102575/RandNLA_Project1_Sorbonne/venv/bin/python: error while loading shared libraries: libpython3.12.so.1.0: cannot open shared object file: No such file or directory
/mnt/tier2/users/u102575/RandNLA_Project1_Sorbonne/venv/bin/python: error while loading shared libraries: libpython3.12.so.1.0: cannot open shared object file: No such file or directory
/mnt/tier2/users/u102575/RandNLA_Project1_Sorbonne/venv/bin/python: error while loading shared libraries: libpython3.12.so.1.0: cannot open shared object file: No such file or directory
/mnt/tier2/users/u102575/RandNLA_Project1_Sorbonne/venv/bin/python: error while loading shared libraries: libpython3.12.so.1.0: cannot open shared object file: No such file or directory
/mnt/tier2/users/u102575/RandNLA_Project1_Sorbonne/venv/bin/python: error while loading shared libraries: libpython3.12.so.1.0: cannot open shared object file: No such file or directory
/mnt/tier2/users/u102575/RandNLA_Project1_Sorbonne/venv/bin/python: error while loading shared libraries: libpython3.12.so.1.0: cannot open shared object file: No such file or directory
/mnt/tier2/users/u102575/RandNLA_Project1_Sorbonne/venv/bin/python: error while loading shared libraries: libpython3.12.so.1.0: cannot open shared object file: No such file or directory
/mnt/tier2/users/u102575/RandNLA_Project1_Sorbonne/venv/bin/python: error while loading shared libraries: libpython3.12.so.1.0: cannot open shared object file: No such file or directory
/mnt/tier2/users/u102575/RandNLA_Project1_Sorbonne/venv/bin/python: error while loading shared libraries: libpython3.12.so.1.0: cannot open shared object file: No such file or directory
/mnt/tier2/users/u102575/RandNLA_Project1_Sorbonne/venv/bin/python: error while loading shared libraries: libpython3.12.so.1.0: cannot open shared object file: No such file or directory
/mnt/tier2/users/u102575/RandNLA_Project1_Sorbonne/venv/bin/python: error while loading shared libraries: libpython3.12.so.1.0: cannot open shared object file: No such file or directory
/mnt/tier2/users/u102575/RandNLA_Project1_Sorbonne/venv/bin/python: error while loading shared libraries: libpython3.12.so.1.0: cannot open shared object file: No such file or directory
/mnt/tier2/users/u102575/RandNLA_Project1_Sorbonne/venv/bin/python: error while loading shared libraries: libpython3.12.so.1.0: cannot open shared object file: No such file or directory
/mnt/tier2/users/u102575/RandNLA_Project1_Sorbonne/venv/bin/python: error while loading shared libraries: libpython3.12.so.1.0: cannot open shared object file: No such file or directory
/mnt/tier2/users/u102575/RandNLA_Project1_Sorbonne/venv/bin/python: error while loading shared libraries: libpython3.12.so.1.0: cannot open shared object file: No such file or directory
/mnt/tier2/users/u102575/RandNLA_Project1_Sorbonne/venv/bin/python: error while loading shared libraries: libpython3.12.so.1.0: cannot open shared object file: No such file or directory
/mnt/tier2/users/u102575/RandNLA_Project1_Sorbonne/venv/bin/python: error while loading shared libraries: libpython3.12.so.1.0: cannot open shared object file: No such file or directory
/mnt/tier2/users/u102575/RandNLA_Project1_Sorbonne/venv/bin/python: error while loading shared libraries: libpython3.12.so.1.0: cannot open shared object file: No such file or directory
srun: error: mel0399: tasks 0-63: Exited with exit code 127
-> Done for P=64
=== HEAVY BENCHMARK COMPLETE ===
