Traceback (most recent call last):
  File "<frozen runpy>", line 198, in _run_module_as_main
  File "<frozen runpy>", line 88, in _run_code
  File "/mnt/tier2/users/u102575/RandNLA_Project1_Sorbonne/src/cli.py", line 11, in <module>
    from .mpi_nystrom import nystrom_mpi
  File "/mnt/tier2/users/u102575/RandNLA_Project1_Sorbonne/src/mpi_nystrom.py", line 3, in <module>
    from mpi4py import MPI
  File "<frozen importlib._bootstrap>", line 1360, in _find_and_load
  File "<frozen importlib._bootstrap>", line 1322, in _find_and_load_unlocked
  File "<frozen importlib._bootstrap>", line 1262, in _find_spec
  File "/mnt/tier2/users/u102575/RandNLA_Project1_Sorbonne/venv/lib/python3.12/site-packages/mpi4py/_mpiabi.py", line 290, in find_spec
    mpiabi_suffix = _get_mpiabi_suffix(fullname)
                    ^^^^^^^^^^^^^^^^^^^^^^^^^^^^
  File "/mnt/tier2/users/u102575/RandNLA_Project1_Sorbonne/venv/lib/python3.12/site-packages/mpi4py/_mpiabi.py", line 276, in _get_mpiabi_suffix
    mpiabi = _get_mpiabi()
             ^^^^^^^^^^^^^
  File "/mnt/tier2/users/u102575/RandNLA_Project1_Sorbonne/venv/lib/python3.12/site-packages/mpi4py/_mpiabi.py", line 258, in _get_mpiabi
    mpiabi = _get_mpiabi_from_libmpi(libmpi)
             ^^^^^^^^^^^^^^^^^^^^^^^^^^^^^^^
  File "/mnt/tier2/users/u102575/RandNLA_Project1_Sorbonne/venv/lib/python3.12/site-packages/mpi4py/_mpiabi.py", line 217, in _get_mpiabi_from_libmpi
    lib = _dlopen_libmpi(libmpi)
          ^^^^^^^^^^^^^^^^^^^^^^
  File "/mnt/tier2/users/u102575/RandNLA_Project1_Sorbonne/venv/lib/python3.12/site-packages/mpi4py/_mpiabi.py", line 210, in _dlopen_libmpi
    raise RuntimeError("\n".join(errors))
RuntimeError: cannot load MPI library
/mnt/tier2/users/u102575/RandNLA_Project1_Sorbonne/venv/lib/libmpi.so: cannot open shared object file: No such file or directory
/mnt/tier2/users/u102575/RandNLA_Project1_Sorbonne/venv/lib/libmpi.so.12: cannot open shared object file: No such file or directory
/mnt/tier2/users/u102575/RandNLA_Project1_Sorbonne/venv/lib/libmpi.so.40: cannot open shared object file: No such file or directory
/home/users/u102575/.local/lib/libmpi.so: cannot open shared object file: No such file or directory
/home/users/u102575/.local/lib/libmpi.so.12: cannot open shared object file: No such file or directory
/home/users/u102575/.local/lib/libmpi.so.40: cannot open shared object file: No such file or directory
/apps/USE/easybuild/release/2024.1/software/Python/3.12.3-GCCcore-13.3.0/lib/libmpi.so: cannot open shared object file: No such file or directory
/apps/USE/easybuild/release/2024.1/software/Python/3.12.3-GCCcore-13.3.0/lib/libmpi.so.12: cannot open shared object file: No such file or directory
/apps/USE/easybuild/release/2024.1/software/Python/3.12.3-GCCcore-13.3.0/lib/libmpi.so.40: cannot open shared object file: No such file or directory
libmpi.so: cannot open shared object file: No such file or directory
libmpi.so.12: cannot open shared object file: No such file or directory
libmpi.so.40: cannot open shared object file: No such file or directory
